<?xml version="1.0" encoding="UTF-8"?>
<!-- Generated by org.testng.reporters.JUnitReportReporter -->
<testsuite skipped="0" hostname="user" name="typractice.BookingAppointment" tests="1" failures="0" timestamp="2023-05-29T11:46:44 IST" time="14.814" errors="0">
  <testcase name="bookingAppointment" time="14.814" classname="typractice.BookingAppointment"/>
  <system-out/>
</testsuite> <!-- typractice.BookingAppointment -->
