<?xml version="1.0" encoding="UTF-8"?>
<!-- Generated by org.testng.reporters.JUnitReportReporter -->
<testsuite skipped="0" hostname="user" name="Assignment.DataPro3" tests="4" failures="0" timestamp="2023-05-24T11:20:42 IST" time="0.015" errors="0">
  <testcase name="getData" time="0.002" classname="Assignment.DataPro3"/>
  <system-out/>
  <testcase name="getData" time="0.008" classname="Assignment.DataPro3"/>
  <system-out/>
  <testcase name="getData" time="0.003" classname="Assignment.DataPro3"/>
  <system-out/>
  <testcase name="getData" time="0.002" classname="Assignment.DataPro3"/>
  <system-out/>
</testsuite> <!-- Assignment.DataPro3 -->
