<?xml version="1.0" encoding="UTF-8"?>
<!-- Generated by org.testng.reporters.JUnitReportReporter -->
<testsuite skipped="0" hostname="user" name="Assignment.DataProvider3" tests="4" failures="0" timestamp="2023-05-24T00:55:56 IST" time="0.016" errors="0">
  <testcase name="getdata" time="0.003" classname="Assignment.DataProvider3"/>
  <system-out/>
  <testcase name="getdata" time="0.003" classname="Assignment.DataProvider3"/>
  <system-out/>
  <testcase name="getdata" time="0.002" classname="Assignment.DataProvider3"/>
  <system-out/>
  <testcase name="getdata" time="0.008" classname="Assignment.DataProvider3"/>
  <system-out/>
</testsuite> <!-- Assignment.DataProvider3 -->
