<?xml version="1.0" encoding="UTF-8"?>
<!-- Generated by org.testng.reporters.JUnitReportReporter -->
<testsuite skipped="0" hostname="user" name="Assignment.DataProviderTest" tests="2" failures="0" timestamp="2023-05-23T17:58:31 IST" time="0.012" errors="0">
  <testcase name="getData" time="0.002" classname="Assignment.DataProviderTest"/>
  <system-out/>
  <testcase name="getData" time="0.010" classname="Assignment.DataProviderTest"/>
  <system-out/>
</testsuite> <!-- Assignment.DataProviderTest -->
