<?xml version="1.0" encoding="UTF-8"?>
<!-- Generated by org.testng.reporters.JUnitReportReporter -->
<testsuite skipped="0" hostname="user" name="typractice.AddingPatientMadicalHistory" tests="1" failures="0" timestamp="2023-05-29T15:16:45 IST" time="44.176" errors="0">
  <testcase name="AddingPatientMdedicalHistory" time="44.176" classname="typractice.AddingPatientMadicalHistory"/>
  <system-out>
The home page is display The doctorsLoginPage is display The Doctor dash board page is not displayed The add patient page is displayed The add patient page is displayed The manage patient page is displayed   </system-out>
</testsuite> <!-- typractice.AddingPatientMadicalHistory -->
