<?xml version="1.0" encoding="UTF-8"?>
<!-- Generated by org.testng.reporters.JUnitReportReporter -->
<testsuite skipped="0" hostname="user" name="Assignment.DataProvider2" tests="3" failures="0" timestamp="2023-05-24T00:38:39 IST" time="0.016" errors="0">
  <testcase name="getdata" time="0.002" classname="Assignment.DataProvider2"/>
  <system-out/>
  <testcase name="getdata" time="0.006" classname="Assignment.DataProvider2"/>
  <system-out/>
  <testcase name="getdata" time="0.008" classname="Assignment.DataProvider2"/>
  <system-out/>
</testsuite> <!-- Assignment.DataProvider2 -->
