<?xml version="1.0" encoding="UTF-8"?>
<!-- Generated by org.testng.reporters.JUnitReportReporter -->
<testsuite skipped="0" hostname="user" name="Assignment.DataProviderExcel" tests="3" failures="0" timestamp="2023-05-24T11:26:04 IST" time="0.014" errors="0">
  <testcase name="getData" time="0.002" classname="Assignment.DataProviderExcel"/>
  <system-out/>
  <testcase name="getData" time="0.003" classname="Assignment.DataProviderExcel"/>
  <system-out/>
  <testcase name="getData" time="0.009" classname="Assignment.DataProviderExcel"/>
  <system-out/>
</testsuite> <!-- Assignment.DataProviderExcel -->
