<?xml version="1.0" encoding="UTF-8"?>
<!-- Generated by org.testng.reporters.JUnitReportReporter -->
<testsuite skipped="0" hostname="user" name="typractice.AddPatient" tests="1" failures="0" timestamp="2023-05-29T12:27:46 IST" time="29.509" errors="0">
  <testcase name="addPatient" time="29.509" classname="typractice.AddPatient"/>
  <system-out/>
</testsuite> <!-- typractice.AddPatient -->
