<?xml version="1.0" encoding="UTF-8"?>
<!-- Generated by org.testng.reporters.JUnitReportReporter -->
<testsuite skipped="0" hostname="user" name="Assignment.DataProviderExcelOtherClass" tests="3" failures="0" timestamp="2023-05-24T12:12:38 IST" time="0.015" errors="0">
  <testcase name="getData" time="0.002" classname="Assignment.DataProviderExcelOtherClass"/>
  <system-out/>
  <testcase name="getData" time="0.009" classname="Assignment.DataProviderExcelOtherClass"/>
  <system-out/>
  <testcase name="getData" time="0.004" classname="Assignment.DataProviderExcelOtherClass"/>
  <system-out/>
</testsuite> <!-- Assignment.DataProviderExcelOtherClass -->
